<?xml version="1.0" encoding="UTF-8"?>
<testsuite xmlns:xsi="http://www.w3.org/2001/XMLSchema-instance" xsi:noNamespaceSchemaLocation="https://maven.apache.org/surefire/maven-surefire-plugin/xsd/surefire-test-report-3.0.xsd" version="3.0" name="TestAI" time="0.224" tests="3" errors="1" skipped="0" failures="0">
  <properties>
[...]
</properties>
  <testcase name="gameTest" classname="TestAI" time="0.2">
    <system-out><![CDATA[,7b9b,2t3t4t5t5t6t7t8t9t,6w7w9w
,2t3t5t,3w4w5w6w7w8w9w
,7t8t9t,3w3w5w6w7w8w9w
,1b1b2b,ZjZj,1t2t3t3t4t4t,2w2w
16:18:47,875 |-INFO in ch.qos.logback.classic.LoggerContext[default] - Could NOT find resource [logback-test.xml]
16:18:47,875 |-INFO in ch.qos.logback.classic.LoggerContext[default] - Could NOT find resource [logback.groovy]
16:18:47,875 |-INFO in ch.qos.logback.classic.LoggerContext[default] - Found resource [logback.xml] at [file:/Users/lvyou/Documents/code/java_code/shanxi_koudiandian-dev/target/test-classes/logback.xml]
16:18:47,909 |-INFO in ch.qos.logback.classic.joran.action.ConfigurationAction - debug attribute not set
16:18:47,910 |-INFO in ch.qos.logback.classic.joran.action.ConfigurationAction - Will scan for changes in [file:/Users/lvyou/Documents/code/java_code/shanxi_koudiandian-dev/target/test-classes/logback.xml] 
16:18:47,910 |-INFO in ch.qos.logback.classic.joran.action.ConfigurationAction - Setting ReconfigureOnChangeTask scanning period to 1 minutes
16:18:47,911 |-INFO in ch.qos.logback.core.joran.action.AppenderAction - About to instantiate appender of type [ch.qos.logback.core.rolling.RollingFileAppender]
16:18:47,912 |-INFO in ch.qos.logback.core.joran.action.AppenderAction - Naming appender as [AllLog]
16:18:47,936 |-INFO in c.q.l.core.rolling.TimeBasedRollingPolicy@139947936 - No compression will be used
16:18:47,936 |-INFO in c.q.l.core.rolling.TimeBasedRollingPolicy@139947936 - Will use the pattern logs/bogon.robot-test.%d{yyyy-MM-dd-HH}-%i.log for the active file
16:18:47,937 |-INFO in ch.qos.logback.core.rolling.SizeAndTimeBasedFNATP@7582ff54 - The date pattern is 'yyyy-MM-dd-HH' from file name pattern 'logs/bogon.robot-test.%d{yyyy-MM-dd-HH}-%i.log'.
16:18:47,937 |-INFO in ch.qos.logback.core.rolling.SizeAndTimeBasedFNATP@7582ff54 - Roll-over at the top of every hour.
16:18:47,942 |-INFO in ch.qos.logback.core.rolling.SizeAndTimeBasedFNATP@7582ff54 - Setting initial period to Mon Apr 01 16:18:47 CST 2024
16:18:47,942 |-WARN in ch.qos.logback.core.rolling.SizeAndTimeBasedFNATP@7582ff54 - SizeAndTimeBasedFNATP is deprecated. Use SizeAndTimeBasedRollingPolicy instead
16:18:47,942 |-WARN in ch.qos.logback.core.rolling.SizeAndTimeBasedFNATP@7582ff54 - For more information see http://logback.qos.ch/manual/appenders.html#SizeAndTimeBasedRollingPolicy
16:18:47,943 |-INFO in ch.qos.logback.core.joran.action.NestedComplexPropertyIA - Assuming default type [ch.qos.logback.classic.encoder.PatternLayoutEncoder] for [encoder] property
16:18:47,946 |-INFO in ch.qos.logback.core.rolling.RollingFileAppender[AllLog] - Active log file name: logs/bogon.robot-test.2024-04-01-16-0.log
16:18:47,946 |-INFO in ch.qos.logback.core.rolling.RollingFileAppender[AllLog] - File property is set to [null]
16:18:47,947 |-INFO in ch.qos.logback.core.joran.action.AppenderAction - About to instantiate appender of type [ch.qos.logback.core.ConsoleAppender]
16:18:47,947 |-INFO in ch.qos.logback.core.joran.action.AppenderAction - Naming appender as [STDOUT]
16:18:47,948 |-INFO in ch.qos.logback.core.joran.action.NestedComplexPropertyIA - Assuming default type [ch.qos.logback.classic.encoder.PatternLayoutEncoder] for [encoder] property
16:18:47,948 |-INFO in ch.qos.logback.classic.joran.action.LoggerAction - Setting level of logger [com.smzy.commonservice] to WARN
16:18:47,948 |-INFO in ch.qos.logback.classic.joran.action.RootLoggerAction - Setting level of ROOT logger to DEBUG
16:18:47,948 |-INFO in ch.qos.logback.core.joran.action.AppenderRefAction - Attaching appender named [AllLog] to Logger[ROOT]
16:18:47,949 |-INFO in ch.qos.logback.core.joran.action.AppenderRefAction - Attaching appender named [STDOUT] to Logger[ROOT]
16:18:47,949 |-INFO in ch.qos.logback.classic.joran.action.ConfigurationAction - End of configuration.
16:18:47,949 |-INFO in ch.qos.logback.classic.joran.JoranConfigurator@67545b57 - Registering current configuration as safe fallback point

2024-04-01 16:18:47,960 INFO [main] c.w.g.s.s.GameLogicServer [GameLogicServer.java:105] req: [,7b9b,2t3t4t5t5t6t7t8t9t,6w7w9w] {"curPos":0,"dealer":3,"gameId":"3lXs5WP-8q66tUWtNSmcT","grade":0,"history":"2:3:Ef,1:0:7w,2:0:Ef,1:1:4w,2:1:3b,1:2:9w,2:2:Wf,1:3:Zj,2:3:Wf,1:0:7t,2:0:Bj,1:1:4b,6:1:4b,1:2:Nf,2:2:Fj,1:3:4w,2:3:Nf,14:2:Nf,2:2:2t,1:3:2t,2:3:Bj,1:0:Sf,6:0:Sf,14:1:Sf,2:1:7b,1:2:3w,2:2:9w,1:3:3t,2:3:Fj,1:0:5t,2:0:Fj,1:1:1w,6:1:1w,1:2:2b,6:2:2b,1:3:1b,2:3:7t,1:0:8t,2:0:2w,1:1:Wf,6:1:Wf,1:2:5b,6:2:5b,1:3:1b,2:3:5b,1:0:Bj,6:0:Bj,1:1:5b,6:1:5b,1:2:Wf,6:2:Wf,1:3:4t,2:3:2b,1:0:6w,2:0:4b,1:1:9b,6:1:9b,1:2:7t,19:2:5w,1:3:2w,2:3:1w,1:0:Sf,6:0:Sf,1:1:9b,6:1:9b,1:2:9b,6:2:9b,1:3:2b,2:3:4w,1:0:3t","legalAct":[3,4,5,7,8,14],"level":3,"maxFan":0,"players":[{"isTing":0,"point":0,"position":0,"sets":[],"tiles":"6w7w9w7b9b2t3t4t5t5t6t7t8t9t"},{"isTing":0,"point":0,"position":1,"sets":["SfSfSf"],"tiles":"9w8w7w6w5w4w3w5t3t2t"},{"isTing":1,"point":0,"position":2,"sets":["NfNfNf"],"tiles":"9w8w7w6w5w3w3w9t8t7t"},{"isTing":0,"point":0,"position":3,"sets":[],"tiles":"2w2w1b1b2b1t2t3t3t4t4tZjZj"}],"remain":50,"userID":0,"wall":"8w4w5w5t6t6t1b8w6b6wBj1t4wEf7b3b4bNf6b5b8b1w8tZjFj9t8b8t4b2w1w3w6b1t1b3b7t7w3bZj6b7b2b8b4t1t8b9tEf6t"}
2024-04-01 16:18:47,973 INFO [main] c.w.g.s.a.AILevel3 [AILevel3.java:98] myWinDistance:2
2024-04-01 16:18:47,974 INFO [main] c.w.g.s.a.AILevel3 [AILevel3.java:100]  WinDistance=2 2t3t4t,6t7t8t,5t5t,6w7w,7b9b,9w,9t, value=(0.0,0.0,0.0,0.0,0.0,0.0,0.0,0.0,0.0,0.0,0.0,0.0,0.0,0.0,0.0,0.0,0.0,0.0,0.0,0.0,0.0,0.0,0.0,0.0,0.0,0.0,0.0,0.0,0.0,0.0,0.0,0.0,0.0,0.0,
2024-04-01 16:18:47,974 INFO [main] c.w.g.s.a.AILevel3 [AILevel3.java:100]  WinDistance=2 2t3t4t,6t7t8t,5t5t,7w9w,7b9b,6w,9t, value=(0.0,0.0,0.0,0.0,0.0,0.0,0.0,0.0,0.0,0.0,0.0,0.0,0.0,0.0,0.0,0.0,0.0,0.0,0.0,0.0,0.0,0.0,0.0,0.0,0.0,0.0,0.0,0.0,0.0,0.0,0.0,0.0,0.0,0.0,
2024-04-01 16:18:47,974 INFO [main] c.w.g.s.a.AILevel3 [AILevel3.java:100]  WinDistance=2 2t3t4t,7t8t9t,5t5t,6w7w,7b9b,9w,6t, value=(0.0,0.0,0.0,0.0,0.0,0.0,0.0,0.0,0.0,0.0,0.0,0.0,0.0,0.0,0.0,0.0,0.0,0.0,0.0,0.0,0.0,0.0,0.0,0.0,0.0,0.0,0.0,0.0,0.0,0.0,0.0,0.0,0.0,0.0,
2024-04-01 16:18:47,974 INFO [main] c.w.g.s.a.AILevel3 [AILevel3.java:100]  WinDistance=2 2t3t4t,7t8t9t,5t5t,7w9w,7b9b,6w,6t, value=(0.0,0.0,0.0,0.0,0.0,0.0,0.0,0.0,0.0,0.0,0.0,0.0,0.0,0.0,0.0,0.0,0.0,0.0,0.0,0.0,0.0,0.0,0.0,0.0,0.0,0.0,0.0,0.0,0.0,0.0,0.0,0.0,0.0,0.0,
2024-04-01 16:18:47,975 INFO [main] c.w.g.s.s.GameLogicServer [GameLogicServer.java:466] ack: 返回:[打9w Time=1明杠,补杠,暗杠,胡,胡,碰,,{"action":2,"delay":560,"doubly":false,"gameID":"3lXs5WP-8q66tUWtNSmcT","info":"","point":0,"responseCode":0,"tile":"9w","userID":0}
{"action":2,"delay":560,"doubly":false,"gameID":"3lXs5WP-8q66tUWtNSmcT","info":"","point":0,"responseCode":0,"tile":"9w","userID":0}
]]></system-out>
  </testcase>
  <testcase name="testremove" classname="TestAI" time="0.001">
    <system-out><![CDATA[
]]></system-out>
  </testcase>
  <testcase name="pailiTest" classname="TestAI" time="0.001">
    <error type="java.lang.NullPointerException"><![CDATA[java.lang.NullPointerException
	at TestAI.pailiTest(TestAI.java:31)
	at java.base/jdk.internal.reflect.NativeMethodAccessorImpl.invoke0(Native Method)
	at java.base/jdk.internal.reflect.NativeMethodAccessorImpl.invoke(NativeMethodAccessorImpl.java:62)
	at java.base/jdk.internal.reflect.DelegatingMethodAccessorImpl.invoke(DelegatingMethodAccessorImpl.java:43)
	at java.base/java.lang.reflect.Method.invoke(Method.java:566)
	at org.junit.runners.model.FrameworkMethod$1.runReflectiveCall(FrameworkMethod.java:47)
	at org.junit.internal.runners.model.ReflectiveCallable.run(ReflectiveCallable.java:12)
	at org.junit.runners.model.FrameworkMethod.invokeExplosively(FrameworkMethod.java:44)
	at org.junit.internal.runners.statements.InvokeMethod.evaluate(InvokeMethod.java:17)
	at org.junit.runners.ParentRunner.runLeaf(ParentRunner.java:271)
	at org.junit.runners.BlockJUnit4ClassRunner.runChild(BlockJUnit4ClassRunner.java:70)
	at org.junit.runners.BlockJUnit4ClassRunner.runChild(BlockJUnit4ClassRunner.java:50)
	at org.junit.runners.ParentRunner$3.run(ParentRunner.java:238)
	at org.junit.runners.ParentRunner$1.schedule(ParentRunner.java:63)
	at org.junit.runners.ParentRunner.runChildren(ParentRunner.java:236)
	at org.junit.runners.ParentRunner.access$000(ParentRunner.java:53)
	at org.junit.runners.ParentRunner$2.evaluate(ParentRunner.java:229)
	at org.junit.runners.ParentRunner.run(ParentRunner.java:309)
	at org.apache.maven.surefire.junit4.JUnit4Provider.execute(JUnit4Provider.java:316)
	at org.apache.maven.surefire.junit4.JUnit4Provider.executeWithRerun(JUnit4Provider.java:240)
	at org.apache.maven.surefire.junit4.JUnit4Provider.executeTestSet(JUnit4Provider.java:214)
	at org.apache.maven.surefire.junit4.JUnit4Provider.invoke(JUnit4Provider.java:155)
	at org.apache.maven.surefire.booter.ForkedBooter.runSuitesInProcess(ForkedBooter.java:385)
	at org.apache.maven.surefire.booter.ForkedBooter.execute(ForkedBooter.java:162)
	at org.apache.maven.surefire.booter.ForkedBooter.run(ForkedBooter.java:507)
	at org.apache.maven.surefire.booter.ForkedBooter.main(ForkedBooter.java:495)
]]></error>
    <system-err><![CDATA[java.io.FileNotFoundException: D:\Work@wzy\data\jn_tdh_control_2000.json (No such file or directory)
	at java.base/java.io.FileInputStream.open0(Native Method)
	at java.base/java.io.FileInputStream.open(FileInputStream.java:219)
	at java.base/java.io.FileInputStream.<init>(FileInputStream.java:157)
	at java.base/java.io.FileReader.<init>(FileReader.java:75)
	at TestAI.readJsonFile(TestAI.java:67)
	at TestAI.pailiTest(TestAI.java:30)
	at java.base/jdk.internal.reflect.NativeMethodAccessorImpl.invoke0(Native Method)
	at java.base/jdk.internal.reflect.NativeMethodAccessorImpl.invoke(NativeMethodAccessorImpl.java:62)
	at java.base/jdk.internal.reflect.DelegatingMethodAccessorImpl.invoke(DelegatingMethodAccessorImpl.java:43)
	at java.base/java.lang.reflect.Method.invoke(Method.java:566)
	at org.junit.runners.model.FrameworkMethod$1.runReflectiveCall(FrameworkMethod.java:47)
	at org.junit.internal.runners.model.ReflectiveCallable.run(ReflectiveCallable.java:12)
	at org.junit.runners.model.FrameworkMethod.invokeExplosively(FrameworkMethod.java:44)
	at org.junit.internal.runners.statements.InvokeMethod.evaluate(InvokeMethod.java:17)
	at org.junit.runners.ParentRunner.runLeaf(ParentRunner.java:271)
	at org.junit.runners.BlockJUnit4ClassRunner.runChild(BlockJUnit4ClassRunner.java:70)
	at org.junit.runners.BlockJUnit4ClassRunner.runChild(BlockJUnit4ClassRunner.java:50)
	at org.junit.runners.ParentRunner$3.run(ParentRunner.java:238)
	at org.junit.runners.ParentRunner$1.schedule(ParentRunner.java:63)
	at org.junit.runners.ParentRunner.runChildren(ParentRunner.java:236)
	at org.junit.runners.ParentRunner.access$000(ParentRunner.java:53)
	at org.junit.runners.ParentRunner$2.evaluate(ParentRunner.java:229)
	at org.junit.runners.ParentRunner.run(ParentRunner.java:309)
	at org.apache.maven.surefire.junit4.JUnit4Provider.execute(JUnit4Provider.java:316)
	at org.apache.maven.surefire.junit4.JUnit4Provider.executeWithRerun(JUnit4Provider.java:240)
	at org.apache.maven.surefire.junit4.JUnit4Provider.executeTestSet(JUnit4Provider.java:214)
	at org.apache.maven.surefire.junit4.JUnit4Provider.invoke(JUnit4Provider.java:155)
	at org.apache.maven.surefire.booter.ForkedBooter.runSuitesInProcess(ForkedBooter.java:385)
	at org.apache.maven.surefire.booter.ForkedBooter.execute(ForkedBooter.java:162)
	at org.apache.maven.surefire.booter.ForkedBooter.run(ForkedBooter.java:507)
	at org.apache.maven.surefire.booter.ForkedBooter.main(ForkedBooter.java:495)
]]></system-err>
  </testcase>
</testsuite>